* using log directory ‘/Users/CorissaW/Library/CloudStorage/Dropbox/BEND_Package/BEND/BEND.Rcheck’
* using R version 4.3.2 (2023-10-31)
* using platform: x86_64-apple-darwin20 (64-bit)
* R was compiled by
    Apple clang version 14.0.0 (clang-1400.0.29.202)
    GNU Fortran (GCC) 12.2.0
* running under: macOS Sonoma 14.3.1
* using session charset: UTF-8
* using option ‘--as-cran’
* checking for file ‘BEND/DESCRIPTION’ ... OK
* this is package ‘BEND’ version ‘0.0.0.9000’
* package encoding: UTF-8
* checking CRAN incoming feasibility ... [6s/15s] NOTE
Maintainer: ‘Corissa T. Rohloff <corissa.wurth@gmail.com>’

New submission

Version contains large components (0.0.0.9000)
* checking package namespace information ... OK
* checking package dependencies ... OK
* checking if this is a source package ... OK
* checking if there is a namespace ... OK
* checking for executable files ... OK
* checking for hidden files and directories ... OK
* checking for portable file names ... OK
* checking for sufficient/correct file permissions ... OK
* checking whether package ‘BEND’ can be installed ... OK
* checking installed package size ... OK
* checking package directory ... OK
* checking for future file timestamps ... OK
* checking DESCRIPTION meta-information ... OK
* checking top-level files ... NOTE
Files ‘README.md’ or ‘NEWS.md’ cannot be checked without ‘pandoc’ being installed.
* checking for left-over files ... OK
* checking index information ... OK
* checking package subdirectories ... OK
* checking R files for non-ASCII characters ... OK
* checking R files for syntax errors ... OK
* checking whether the package can be loaded ... OK
* checking whether the package can be loaded with stated dependencies ... OK
* checking whether the package can be unloaded cleanly ... OK
* checking whether the namespace can be loaded with stated dependencies ... OK
* checking whether the namespace can be unloaded cleanly ... OK
* checking use of S3 registration ...